<?xml version="1.0" encoding="UTF-8" standalone="no"?><testsuites><testsuite errors="0" failures="0" hostname="MedfieldEF942FA3_asus_ME371MG" name="com.iolab.nsp.test" tests="0" time="0.0000" timestamp="Wed Aug 14 19:09:59 WAT 2013"><properties><property name="java.runtime.name" value="Java(TM) SE Runtime Environment"/><property name="sun.boot.library.path" value="G:\sdks\jdk1.7.0_11\jre\bin"/><property name="java.vm.version" value="23.6-b04"/><property name="java.vm.vendor" value="Oracle Corporation"/><property name="java.vendor.url" value="http://java.oracle.com/"/><property name="guice.disable.misplaced.annotation.check" value="true"/><property name="path.separator" value=";"/><property name="java.vm.name" value="Java HotSpot(TM) 64-Bit Server VM"/><property name="file.encoding.pkg" value="sun.io"/><property name="user.country" value="US"/><property name="user.script" value=""/><property name="sun.java.launcher" value="SUN_STANDARD"/><property name="sun.os.patch.level" value=""/><property name="java.vm.specification.name" value="Java Virtual Machine Specification"/><property name="user.dir" value="G:\learning\MajorProjects\Android\nigerian-student-planner"/><property name="java.runtime.version" value="1.7.0_11-b21"/><property name="java.awt.graphicsenv" value="sun.awt.Win32GraphicsEnvironment"/><property name="java.endorsed.dirs" value="G:\sdks\jdk1.7.0_11\jre\lib\endorsed"/><property name="os.arch" value="amd64"/><property name="java.io.tmpdir" value="C:\Users\Abiola\AppData\Local\Temp\"/><property name="line.separator" value="&#13;&#10;"/><property name="java.vm.specification.vendor" value="Oracle Corporation"/><property name="user.variant" value=""/><property name="os.name" value="Windows 8"/><property name="classworlds.conf" value="G:\build-tools\apache-maven-3.0.5\bin\..\bin\m2.conf"/><property name="sun.jnu.encoding" value="Cp1252"/><property name="java.library.path" value="G:\sdks\jdk1.7.0_11\bin;C:\Windows\Sun\Java\bin;C:\Windows\system32;C:\Windows;G:\sdks\android-sdk1\tools;G:\build-tools\apache-ant-1.9.2\bin;G:\sdks\android-sdk1;G:\build-tools\gradle-1.6\bin;G:\sdks\jdk1.7.0_11\bin;G:\build-tools\apache-maven-3.0.5\bin;C:\Program Files (x86)\AMD APP\bin\x86_64;C:\Program Files (x86)\AMD APP\bin\x86;C:\Windows\system32;C:\Windows;C:\Windows\System32\Wbem;C:\Windows\System32\WindowsPowerShell\v1.0\;G:\sdks\android-sdk2\platform-tools;C:\Program Files (x86)\ATI Technologies\ATI.ACE\Core-Static;C:\Program Files (x86)\Git\bin;C:\Program Files (x86)\Microsoft ASP.NET\ASP.NET Web Pages\v1.0\;C:\Program Files (x86)\Windows Kits\8.0\Windows Performance Toolkit\;C:\Program Files\Microsoft SQL Server\110\Tools\Binn\;G:\IDE\emacs-24.3\bin;G:\sdks\ec2-api-tools-1.6.8.0\bin;C:\Python27;C:\Python27\Scripts;C:\vagrant\vagrant\bin;C:\Program Files\nodejs\;C:\Program Files (x86)\GtkSharp\2.12\bin;C:\Program Files (x86)\VisualSVN Server\bin;C:\Program Files\TortoiseSVN\bin;C:\Program Files (x86)\Microsoft SQL Server\110\Tools\Binn\;C:\Program Files\Microsoft SQL Server\110\DTS\Binn\;C:\Program Files (x86)\Microsoft SQL Server\110\Tools\Binn\ManagementStudio\;C:\Program Files (x86)\Microsoft SQL Server\110\DTS\Binn\;C:\Program Files\Microsoft\Web Platform Installer\;C:\Ruby193\bin;G:\RailsInstaller\Ruby1.9.3\bin;C:\Program Files\Mercurial;C:\Users\Abiola\AppData\Roaming\npm;."/><property name="java.specification.name" value="Java Platform API Specification"/><property name="java.class.version" value="51.0"/><property name="sun.management.compiler" value="HotSpot 64-Bit Tiered Compilers"/><property name="os.version" value="6.2"/><property name="user.home" value="C:\Users\Abiola"/><property name="user.timezone" value="Africa/Luanda"/><property name="java.awt.printerjob" value="sun.awt.windows.WPrinterJob"/><property name="file.encoding" value="Cp1252"/><property name="java.specification.version" value="1.7"/><property name="java.class.path" value="G:\build-tools\apache-maven-3.0.5\bin\..\boot\plexus-classworlds-2.4.jar"/><property name="user.name" value="Abiola"/><property name="java.vm.specification.version" value="1.7"/><property name="sun.java.command" value="org.codehaus.plexus.classworlds.launcher.Launcher clean install"/><property name="java.home" value="G:\sdks\jdk1.7.0_11\jre"/><property name="sun.arch.data.model" value="64"/><property name="user.language" value="en"/><property name="java.specification.vendor" value="Oracle Corporation"/><property name="awt.toolkit" value="sun.awt.windows.WToolkit"/><property name="java.vm.info" value="mixed mode"/><property name="java.version" value="1.7.0_11"/><property name="java.ext.dirs" value="G:\sdks\jdk1.7.0_11\jre\lib\ext;C:\Windows\Sun\Java\lib\ext"/><property name="sun.boot.class.path" value="G:\sdks\jdk1.7.0_11\jre\lib\resources.jar;G:\sdks\jdk1.7.0_11\jre\lib\rt.jar;G:\sdks\jdk1.7.0_11\jre\lib\sunrsasign.jar;G:\sdks\jdk1.7.0_11\jre\lib\jsse.jar;G:\sdks\jdk1.7.0_11\jre\lib\jce.jar;G:\sdks\jdk1.7.0_11\jre\lib\charsets.jar;G:\sdks\jdk1.7.0_11\jre\lib\jfr.jar;G:\sdks\jdk1.7.0_11\jre\classes"/><property name="java.vendor" value="Oracle Corporation"/><property name="maven.home" value="G:\build-tools\apache-maven-3.0.5\bin\.."/><property name="file.separator" value="\"/><property name="java.vendor.url.bug" value="http://bugreport.sun.com/bugreport/"/><property name="sun.io.unicode.encoding" value="UnicodeLittle"/><property name="sun.cpu.endian" value="little"/><property name="sun.desktop" value="windows"/><property name="sun.cpu.isalist" value="amd64"/><property name="ro.product.manufacturer" value="asus"/><property name="net.tcp.buffersize.hsupa" value="16384,87380,262144,4096,16384,110208"/><property name="ro.config.calendaralert_sound" value="CalendarEvent.ogg"/><property name="ro.epad.mount_point.usbdisk1" value="/Removable/USBdisk1"/><property name="ro.epad.mount_point.usbdisk2" value="/Removable/USBdisk2"/><property name="persist.sys.profiler_ms" value="0"/><property name="sys.ifwi.version" value="50.37"/><property name="persist.radio.airplane_mode_on" value="1"/><property name="init.svc.ueventd" value="running"/><property name="persist.sys.powersaving.level" value="9"/><property name="gsm.operator.iso-country" value=""/><property name="ro.product.model" value="ME371MG"/><property name="sys.secpolicy.camera.disabled" value="1"/><property name="ro.bootloader" value="unknown"/><property name="init.svc.vold" value="running"/><property name="net.hostname" value="android-b307f7d4ee4aaab2"/><property name="keyguard.no_require_sim" value="true"/><property name="ro.config.personality" value="compat_layout"/><property name="ro.build.version.sdk" value="16"/><property name="Audiocomms.FM.IsAnalog" value="false"/><property name="sys.usb.config" value="mtp,adb"/><property name="system.at-proxy.mode" value="0"/><property name="ril.ecclist" value="112,911,000,08,110,118,119,999"/><property name="persist.sys.compass.buttonclose" value="0"/><property name="sys.settings_system_version" value="24"/><property name="audiocomms.atm.controlChannel" value="/dev/gsmtty13"/><property name="gsm.operator.isroaming" value="false"/><property name="widi.interface" value="wlan0"/><property name="wakelock.trace" value="0"/><property name="persist.asus.instant_redraw" value="0"/><property name="Audiocomms.FM.Supported" value="true"/><property name="ro.allow.mock.location" value="0"/><property name="ro.epad.mount_point.microsd" value="/Removable/MicroSD"/><property name="net.tcp.buffersize.wifi" value="524288,1048576,2097152,262144,524288,1048576"/><property name="init.svc.stmd" value="running"/><property name="gsm.version.baseband" value="1250_0.20.0_0618"/><property name="ro.crypto.fuse_sdcard" value="true"/><property name="ro.product.brand" value="asus"/><property name="Audiocomms.BT.HFP.Supported" value="true"/><property name="panel.physicalHeightmm" value="151"/><property name="ro.product.asus" value="ME371MG"/><property name="alsa.mixer.defaultGain" value="1.0"/><property name="ro.config.libemoji.120" value="libemoji_asus_120.so"/><property name="ro.product.device" value="ME371MG"/><property name="dev.bootcomplete" value="1"/><property name="init.svc.proxy" value="stopped"/><property name="persist.service.crashlog.enable" value="0"/><property name="persist.core.enabled" value="0"/><property name="persist.asus.splendid.temp" value="6545K"/><property name="gsm.sim.state" value="NOT_READY"/><property name="ril.agpschannel" value="/dev/gsmtty7"/><property name="ro.epad.mount_point.emmc" value="/storage/sdcard0"/><property name="init.svc.wlan_prov" value="stopped"/><property name="ro.config.libemoji.106" value="libemoji_asus_106.so"/><property name="ro.hardware" value="mfld_gi"/><property name="persist.ril-daemon.disable" value="0"/><property name="ro.build.id" value="JZO54K"/><property name="ro.boot.mode" value="main"/><property name="net.tcp.buffersize.hspap" value="32768,262144,1048576,4096,16384,262144"/><property name="persist.logtool.modem.cd" value="0"/><property name="sys.boot_completed" value="1"/><property name="net.change" value="net.qtaguid_enabled"/><property name="ro.product.name" value="WW_epad"/><property name="init.svc.screendict" value="running"/><property name="ro.build.tags" value="release-keys"/><property name="audiocomms.atm.primaryChannel" value="/dev/gsmtty20"/><property name="init.svc.drm" value="running"/><property name="ro.ril.status.polling.enable" value="0"/><property name="gsm.net.interface" value="rmnet0"/><property name="ro.build.version.codename" value="REL"/><property name="init.svc.atproxy_usbreset" value="stopped"/><property name="ro.board.id" value="unknown"/><property name="ro.product.cpu.abi" value="x86"/><property name="sensors.calibration.permission" value="off"/><property name="ro.sf.lcd_density" value="213"/><property name="dalvik.vm.heapsize" value="256m"/><property name="init.svc.bootanim" value="stopped"/><property name="dalvik.vm.stack-trace-file" value="/data/anr/traces.txt"/><property name="init.svc.bodySAR_notify" value="stopped"/><property name="persist.service.apklogfs.enable" value="0"/><property name="ro.com.google.clientidbase" value="android-google"/><property name="net.tcp.buffersize.edge" value="4093,26280,110208,4096,16384,110208"/><property name="ro.serialno" value="D4OKBC404441"/><property name="Audiocomms.Vibrator.ReduceRate" value="65"/><property name="ro.boot.bootmedia" value="sdcard"/><property name="persist.system.at-proxy.mode" value="0"/><property name="sys.punit.version" value="D1.0B"/><property name="init.svc.proxy-tunneling" value="stopped"/><property name="ro.build.date" value="Fri Jul 12 11:36:30 CST 2013"/><property name="ro.com.android.dataroaming" value="false"/><property name="persist.asus.power_saving" value="1"/><property name="audiocomms.atm.isDualSimModem" value="false"/><property name="vold.post_fs_data_done" value="1"/><property name="ro.product.cpu.abi2" value="armeabi-v7a"/><property name="drm.service.enabled" value="true"/><property name="init.svc.zygote" value="running"/><property name="init.svc.hciattach" value="stopped"/><property name="init.svc.servicemanager" value="running"/><property name="init.svc.sensorsAP" value="stopped"/><property name="ro.build.user" value=""/><property name="persist.sys.fw.touch.status" value="0"/><property name="atd.keybox.ready" value="TRUE"/><property name="ro.tether.denied" value=""/><property name="ro.boot.hardware" value="mfld_gi"/><property name="ro.config.ringtone" value="1GuitarSolo.ogg"/><property name="ro.build.type" value="user"/><property name="ro.carrier" value="3G"/><property name="ro.secure" value="1"/><property name="ro.build.version.incremental" value="WW_epad-V3.2.4-20130712"/><property name="init.svc.adbd" value="running"/><property name="init.svc.bd_prov" value="stopped"/><property name="sys.scu.version" value="DC.03"/><property name="init.svc.widiservice" value="running"/><property name="gsm.operator.alpha" value=""/><property name="init.svc.ril-daemon" value="running"/><property name="ro.spid.telephony.rxdiv" value="0"/><property name="persist.tel.hot_swap.support" value="true"/><property name="ro.debuggable" value="0"/><property name="persist.sys.usb.config" value="mtp,adb"/><property name="init.svc.debuggerd" value="running"/><property name="panel.physicalWidthmm" value="94"/><property name="ro.boot.wakesrc" value="05"/><property name="system_init.startsurfaceflinger" value="1"/><property name="ro.factorytest" value="0"/><property name="ro.build.fingerprint" value="asus/WW_epad/ME371MG:4.1.2/JZO54K/WW_epad-V3.2.4-20130712:user/release-keys"/><property name="service.bootanim.exit" value="1"/><property name="ro.build.product" value="ME371MG"/><property name="ro.setupwizard.mode" value="OPTIONAL"/><property name="alsa.mixer.defaultCard" value="medfieldaudio"/><property name="net.bt.name" value="Android"/><property name="ro.bootmode" value="main"/><property name="sys.kernel.version" value="3.0.34-00001-g4f8933f"/><property name="ro.baseband" value="unknown"/><property name="init.svc.kbox_check" value="stopped"/><property name="ro.build.host" value="mec5"/><property name="ro.runtime.firstboot" value="1376498048567"/><property name="ro.with_voice" value="1"/><property name="ro.build.display.id" value="JZO54K.WW_epad-V3.2.4-20130712"/><property name="ro.revision" value="0"/><property name="persist.logtool.gps.loglv" value="0"/><property name="init.svc.sdcard" value="running"/><property name="ro.product.locale.region" value="US"/><property name="wifi.interface" value="wlan0:0"/><property name="persist.sys.timezone" value="Africa/Lagos"/><property name="init.svc.random" value="stopped"/><property name="gsm.operator.numeric" value=""/><property name="persist.asus.power_saving.IM" value="0"/><property name="init.svc.dbus" value="running"/><property name="ro.crypto.state" value="unencrypted"/><property name="ro.camera.sound.forced" value="1"/><property name="wifi.scan.interval" value="10000"/><property name="dalvik.vm.heapstartsize" value="8m"/><property name="persist.radio.device.imei" value="355383052807436"/><property name="persist.sys.animation.status" value="0"/><property name="persist.sys.uart" value="0"/><property name="net.tcp.buffersize.hsdpa" value="16384,87380,262144,4096,16384,110208"/><property name="init.svc.watchdogd" value="running"/><property name="ro.product.carrier" value="US-ME371MG-WW_epad"/><property name="ro.rear_camera" value="1"/><property name="ro.config.notification_sound" value="NewMessage.ogg"/><property name="init.svc.bluetoothd" value="stopped"/><property name="ro.board.platform" value="medfield"/><property name="ro.build.date.utc" value="1373600190"/><property name="init.svc.crashlogd" value="restarting"/><property name="ro.config.libemoji.64" value="libemoji_asus_64.so"/><property name="ro.product.locale.language" value="en"/><property name="sys.ia32.version" value="03.09"/><property name="init.svc.keystore" value="running"/><property name="init.svc.netd" value="running"/><property name="ro.build.characteristics" value="tablet"/><property name="init.svc.pvrsrvctl" value="stopped"/><property name="net.tcp.buffersize.lte" value="524288,1048576,2097152,262144,524288,1048576"/><property name="ro.com.android.dateformat" value="MM-dd-yyyy"/><property name="net.tcp.buffersize.umts" value="16384,87380,262144,4096,16384,110208"/><property name="net.tcp.buffersize.default" value="4096,87380,110208,4096,16384,110208"/><property name="sys.usb.state" value="mtp,adb"/><property name="ro.config.newmail_sound" value="NewEmail.ogg"/><property name="ro.config.alarm_alert" value="AlarmBeep.ogg"/><property name="gsm.version.ril-impl" value="Intrinsyc Rapid-RIL M6.39 for Android 4.1.1 (Build November 13/2012)"/><property name="ro.product.board" value="EeePad"/><property name="init.svc.media" value="running"/><property name="ro.build.description" value="WW_epad-user 4.1.2 JZO54K WW_epad-V3.2.4-20130712 release-keys"/><property name="persist.sys.fw.updatable" value="1000"/><property name="sensors.bodysar.run" value="0"/><property name="ro.config.sentmail_sound" value="DontPanic.ogg"/><property name="gsm.firmware.upload" value="ok"/><property name="dalvik.vm.heapgrowthlimit" value="64m"/><property name="ro.config.libemoji.46" value="libemoji_asus_46.so"/><property name="ro.config.libemoji.30" value="libemoji_asus_30.so"/><property name="ril.coredumpwarning.enable" value="1"/><property name="init.svc.uim" value="running"/><property name="net.tcp.buffersize.gprs" value="4092,8760,65536,4096,8760,65536"/><property name="sys.valhooks.version" value="50.36"/><property name="init.svc.enable_houdini" value="stopped"/><property name="ro.com.google.gmsversion" value="4.1_r4"/><property name="ro.build.version.release" value="4.1.2"/><property name="persist.asus.instantdictionary" value="1"/><property name="ro.product.odm" value="ASUS"/><property name="Audiocomms.Audience.IsPresent" value="false"/><property name="audiocomms.dev.backmic.present" value="false"/><property name="net.tcp.buffersize.hspa" value="16384,87380,262144,4096,16384,262144"/><property name="ro.config.libemoji.36" value="libemoji_asus_36.so"/><property name="gsm.current.phone-type" value="1"/><property name="persist.sys.powersaving.state" value="1"/><property name="ro.opengles.version" value="131072"/><property name="ro.amplifier" value="1"/><property name="init.svc.installd" value="running"/><property name="ro.wifi.channels" value=""/><property name="net.qtaguid_enabled" value="1"/><property name="ro.nfc.smartcardapi_support" value="0"/><property name="ro.product.oem" value="ASUS"/><property name="ro.config.libemoji.24" value="libemoji_asus_24.so"/><property name="init.svc.akmd" value="running"/><property name="init.svc.apk_logfs" value="stopped"/></properties></testsuite></testsuites>