<?xml version="1.0" encoding="UTF-8" standalone="no"?><testsuites><testsuite errors="0" failures="0" hostname="YT9100DP23_Sony_LT22i" name="com.iolab.nsp.test" tests="1" time="2.5370" timestamp="Wed Aug 14 19:10:09 WAT 2013"><properties><property name="java.runtime.name" value="Java(TM) SE Runtime Environment"/><property name="sun.boot.library.path" value="G:\sdks\jdk1.7.0_11\jre\bin"/><property name="java.vm.version" value="23.6-b04"/><property name="java.vm.vendor" value="Oracle Corporation"/><property name="java.vendor.url" value="http://java.oracle.com/"/><property name="guice.disable.misplaced.annotation.check" value="true"/><property name="path.separator" value=";"/><property name="java.vm.name" value="Java HotSpot(TM) 64-Bit Server VM"/><property name="file.encoding.pkg" value="sun.io"/><property name="user.country" value="US"/><property name="user.script" value=""/><property name="sun.java.launcher" value="SUN_STANDARD"/><property name="sun.os.patch.level" value=""/><property name="java.vm.specification.name" value="Java Virtual Machine Specification"/><property name="user.dir" value="G:\learning\MajorProjects\Android\nigerian-student-planner"/><property name="java.runtime.version" value="1.7.0_11-b21"/><property name="java.awt.graphicsenv" value="sun.awt.Win32GraphicsEnvironment"/><property name="java.endorsed.dirs" value="G:\sdks\jdk1.7.0_11\jre\lib\endorsed"/><property name="os.arch" value="amd64"/><property name="java.io.tmpdir" value="C:\Users\Abiola\AppData\Local\Temp\"/><property name="line.separator" value="&#13;&#10;"/><property name="java.vm.specification.vendor" value="Oracle Corporation"/><property name="user.variant" value=""/><property name="os.name" value="Windows 8"/><property name="classworlds.conf" value="G:\build-tools\apache-maven-3.0.5\bin\..\bin\m2.conf"/><property name="sun.jnu.encoding" value="Cp1252"/><property name="java.library.path" value="G:\sdks\jdk1.7.0_11\bin;C:\Windows\Sun\Java\bin;C:\Windows\system32;C:\Windows;G:\sdks\android-sdk1\tools;G:\build-tools\apache-ant-1.9.2\bin;G:\sdks\android-sdk1;G:\build-tools\gradle-1.6\bin;G:\sdks\jdk1.7.0_11\bin;G:\build-tools\apache-maven-3.0.5\bin;C:\Program Files (x86)\AMD APP\bin\x86_64;C:\Program Files (x86)\AMD APP\bin\x86;C:\Windows\system32;C:\Windows;C:\Windows\System32\Wbem;C:\Windows\System32\WindowsPowerShell\v1.0\;G:\sdks\android-sdk2\platform-tools;C:\Program Files (x86)\ATI Technologies\ATI.ACE\Core-Static;C:\Program Files (x86)\Git\bin;C:\Program Files (x86)\Microsoft ASP.NET\ASP.NET Web Pages\v1.0\;C:\Program Files (x86)\Windows Kits\8.0\Windows Performance Toolkit\;C:\Program Files\Microsoft SQL Server\110\Tools\Binn\;G:\IDE\emacs-24.3\bin;G:\sdks\ec2-api-tools-1.6.8.0\bin;C:\Python27;C:\Python27\Scripts;C:\vagrant\vagrant\bin;C:\Program Files\nodejs\;C:\Program Files (x86)\GtkSharp\2.12\bin;C:\Program Files (x86)\VisualSVN Server\bin;C:\Program Files\TortoiseSVN\bin;C:\Program Files (x86)\Microsoft SQL Server\110\Tools\Binn\;C:\Program Files\Microsoft SQL Server\110\DTS\Binn\;C:\Program Files (x86)\Microsoft SQL Server\110\Tools\Binn\ManagementStudio\;C:\Program Files (x86)\Microsoft SQL Server\110\DTS\Binn\;C:\Program Files\Microsoft\Web Platform Installer\;C:\Ruby193\bin;G:\RailsInstaller\Ruby1.9.3\bin;C:\Program Files\Mercurial;C:\Users\Abiola\AppData\Roaming\npm;."/><property name="java.specification.name" value="Java Platform API Specification"/><property name="java.class.version" value="51.0"/><property name="sun.management.compiler" value="HotSpot 64-Bit Tiered Compilers"/><property name="os.version" value="6.2"/><property name="user.home" value="C:\Users\Abiola"/><property name="user.timezone" value="Africa/Luanda"/><property name="java.awt.printerjob" value="sun.awt.windows.WPrinterJob"/><property name="file.encoding" value="Cp1252"/><property name="java.specification.version" value="1.7"/><property name="java.class.path" value="G:\build-tools\apache-maven-3.0.5\bin\..\boot\plexus-classworlds-2.4.jar"/><property name="user.name" value="Abiola"/><property name="java.vm.specification.version" value="1.7"/><property name="sun.java.command" value="org.codehaus.plexus.classworlds.launcher.Launcher clean install"/><property name="java.home" value="G:\sdks\jdk1.7.0_11\jre"/><property name="sun.arch.data.model" value="64"/><property name="user.language" value="en"/><property name="java.specification.vendor" value="Oracle Corporation"/><property name="awt.toolkit" value="sun.awt.windows.WToolkit"/><property name="java.vm.info" value="mixed mode"/><property name="java.version" value="1.7.0_11"/><property name="java.ext.dirs" value="G:\sdks\jdk1.7.0_11\jre\lib\ext;C:\Windows\Sun\Java\lib\ext"/><property name="sun.boot.class.path" value="G:\sdks\jdk1.7.0_11\jre\lib\resources.jar;G:\sdks\jdk1.7.0_11\jre\lib\rt.jar;G:\sdks\jdk1.7.0_11\jre\lib\sunrsasign.jar;G:\sdks\jdk1.7.0_11\jre\lib\jsse.jar;G:\sdks\jdk1.7.0_11\jre\lib\jce.jar;G:\sdks\jdk1.7.0_11\jre\lib\charsets.jar;G:\sdks\jdk1.7.0_11\jre\lib\jfr.jar;G:\sdks\jdk1.7.0_11\jre\classes"/><property name="java.vendor" value="Oracle Corporation"/><property name="maven.home" value="G:\build-tools\apache-maven-3.0.5\bin\.."/><property name="file.separator" value="\"/><property name="java.vendor.url.bug" value="http://bugreport.sun.com/bugreport/"/><property name="sun.io.unicode.encoding" value="UnicodeLittle"/><property name="sun.cpu.endian" value="little"/><property name="sun.desktop" value="windows"/><property name="sun.cpu.isalist" value="amd64"/><property name="ro.product.manufacturer" value="Sony"/><property name="init.svc.modemcatcher" value="running"/><property name="net.webkit.cache.size" value="12582912"/><property name="ste.video.dec.recycle.delay" value="1"/><property name="persist.radio.airplane_mode_on" value="1"/><property name="media.stagefright.enable-scan" value="true"/><property name="debug.mdpcomp.logs" value="0"/><property name="gsm.operator.iso-country" value="ng"/><property name="ro.product.model" value="LT22i"/><property name="ro.ril.hsupa.category" value="6"/><property name="media.stagefright.enable-http" value="true"/><property name="ro.semc.ms_type_id" value="AAD-3880135-BV"/><property name="dalvik.vm.heapidealfree" value="8388608"/><property name="init.svc.hdmiproxyd" value="running"/><property name="ro.boot.serialno" value="YT9100DP23"/><property name="net.hostname" value="android-ce4d3aea80f4174f"/><property name="sys.usb.config" value="mtp,adb"/><property name="init.svc.usbid_init" value="stopped"/><property name="ro.media.capture.flash" value="led"/><property name="init.svc.autoroot" value="stopped"/><property name="persist.telephony.support.ipv4" value="1"/><property name="persist.telephony.support.ipv6" value="1"/><property name="ro.nfc.icon.enable" value="true"/><property name="gsm.operator.isroaming" value="false"/><property name="ro.kernel.checkjni" value="0"/><property name="init.svc.initial_regdom" value="stopped"/><property name="ro.usb.pid_suffix" value="172"/><property name="net.tcp.buffersize.evdo_b" value="6144,87380,1048576,6144,87380,1048576"/><property name="dhcp.wlan0.dns3" value=""/><property name="dhcp.wlan0.dns2" value="192.168.1.1"/><property name="dhcp.wlan0.dns1" value="192.168.1.1"/><property name="ro.nfc.on.default" value="false"/><property name="dhcp.wlan0.dns4" value=""/><property name="init.svc.fota-snoop" value="stopped"/><property name="ro.allow.mock.location" value="0"/><property name="ro.media.enc.hprof.vid.fps" value="30"/><property name="ro.vold.umsdirtyratio" value="20"/><property name="ro.ril.avoid.pdp.overlap" value="1"/><property name="ril.icctype" value="1"/><property name="dalvik.vm.heaptargetutilization" value="0.75"/><property name="ro.product.device" value="LT22i"/><property name="ro.media.capture.flashMinV" value="3300000"/><property name="ro.semc.sols.company-code" value="5"/><property name="mpq.audio.decode" value="true"/><property name="gsm.sim.state" value="READY"/><property name="net.http.idle_cache.shutdown" value="true"/><property name="ro.media.dec.aud.flac.enabled" value="1"/><property name="ro.ril.htcmaskw1.bitmask" value="4294967295"/><property name="net.tcp.fin.aggregation" value="1"/><property name="init.svc.atd" value="running"/><property name="icc.hotswap" value="supported"/><property name="af.resample" value="48000"/><property name="rild.libpath" value="/system/lib/libu300-ril.so"/><property name="sys.boot_completed" value="1"/><property name="debug.enabletr" value="true"/><property name="ro.build.tags" value="release-keys"/><property name="ro.semc.enable.fast_dormancy" value="true"/><property name="video.accelerate.hw" value="1"/><property name="net.dnshostprio.enable" value="0"/><property name="dalvik.vm.heapconcurrentstart" value="2097152"/><property name="dhcp.wlan0.pid" value="3569"/><property name="dalvik.vm.heaputilization" value="0.25"/><property name="dalvik.vm.heapsize" value="256m"/><property name="dalvik.vm.stack-trace-file" value="/data/anr/traces.txt"/><property name="bt.hfp.wideband" value="1"/><property name="net.wlan0.dns1" value="49.0.0.0"/><property name="ro.serialno" value="YT9100DP23"/><property name="net.wlan0.dns2" value="49.0.0.0"/><property name="ro.nfc.se.smx.enable" value="false"/><property name="dalvik.vm.heapmaxfree" value="12m"/><property name="ro.build.date" value="Wed Mar 13 22:59:33 2013"/><property name="ro.com.android.dataroaming" value="false"/><property name="ro.media.dec.aud.wma.enabled" value="1"/><property name="persist.sampling_profiler" value="0"/><property name="wlan.driver.status" value="unloaded"/><property name="ro.media.panorama.frameres" value="1280x720"/><property name="init.svc.servicemanager" value="running"/><property name="ro.hwui.text_cache_height" value="256"/><property name="service.adb.root" value="1"/><property name="windowsmgr.max_events_per_sec" value="90"/><property name="ro.product-res-path" value="framework/SemcGenericUxpRes.apk"/><property name="ro.build.user" value="BuildUser"/><property name="ro.boot.hardware" value="st-ericsson"/><property name="ro.media.capture.maxres" value="8m"/><property name="debug.egl.profiler" value="1"/><property name="ro.carrier" value="unknown"/><property name="ro.secure" value="0"/><property name="net.dns.cache_ttl" value="600"/><property name="gsm.operator.alpha" value="AIRTEL"/><property name="net.dns2" value="141.1.1.1"/><property name="net.dns1" value="192.168.175.145"/><property name="init.svc.admsrv" value="running"/><property name="persist.sys.usb.config" value="mtp,adb"/><property name="dalvik.vm.execution-mode" value="int:jit"/><property name="ro.semc.content.number" value="PA9"/><property name="ENFORCE_PROCESS_LIMIT" value="false"/><property name="ro.factorytest" value="0"/><property name="ro.build.fingerprint" value="SEMC/LT22i_1261-8258/LT22i:4.1.2/6.2.A.1.100/m_v_zg:user/release-keys"/><property name="service.bootanim.exit" value="1"/><property name="ro.semc.version.sw_revision" value="6.2.A.0.400"/><property name="net.dnschange" value="4"/><property name="net.dns.cache_size" value="512"/><property name="net.bt.name" value="Android"/><property name="init.svc.shrm-netdev" value="stopped"/><property name="net.ipv4.tcp_window_scaling" value="1"/><property name="ste.nmf.dsp.nodump" value="1"/><property name="ro.semc.batt.test.min_level" value="70"/><property name="ro.bootmode" value="unknown"/><property name="ro.ril.enable.dtm" value="1"/><property name="ro.nfc.se.sim.enable" value="true"/><property name="ro.config.hw_quickpoweron" value="true"/><property name="ro.nfc.vendor.name" value="nxp"/><property name="persist.chargemon.active" value="1"/><property name="dhcp.wlan0.server" value="192.168.1.1"/><property name="ro.build.display.id" value="JB MoonBreaker 2.5"/><property name="ro.config.hw_power_saving" value="1"/><property name="ro.revision" value="0"/><property name="ro.max.fling_velocity" value="12000"/><property name="ro.HOME_APP_ADJ" value="1"/><property name="ro.mot.buttonlight.timeout" value="1"/><property name="ro.product.locale.region" value="GB"/><property name="wifi.interface" value="wlan0"/><property name="ro.semc.product.model" value="LT22i"/><property name="persist.sys.timezone" value="Africa/Lagos"/><property name="gsm.operator.numeric" value="62120"/><property name="init.svc.stercd" value="stopped"/><property name="init.svc.simd" value="running"/><property name="init.svc.dbus" value="running"/><property name="windowsmgr.support_rotation_270" value="true"/><property name="init.svc.iddd" value="running"/><property name="persist.service.adb.enable" value=""/><property name="dalvik.vm.heapstartsize" value="8m"/><property name="ste.video.decoder.max.res" value="1080p"/><property name="persist.sys.shutdown.mode" value="hibernate"/><property name="init.svc.system_monitor" value="running"/><property name="ro.boot.console" value="null"/><property name="ro.hwui.texture_cache_size" value="32.0f"/><property name="mot.proximity.delay" value="25"/><property name="persist.sys.localevar" value=""/><property name="debug.gr.swapinterval" value="1"/><property name="gsm.nitz.time" value="1376503040018"/><property name="gsm.sim.operator.numeric" value="62120"/><property name="profiler.force_disable_err_rpt" value="1"/><property name="ro.config.notification_sound" value="notification.ogg"/><property name="ro.build.date.utc" value="1363211973"/><property name="persist.sys.purgeable_assets" value="1"/><property name="profiler.force_disable_ulog" value="1"/><property name="debug.kill_allocating_task" value="0"/><property name="ro.wmt.blcr.enable" value="0"/><property name="init.svc.sms_server" value="running"/><property name="ro.semc.version.sw_type" value="user"/><property name="persist.sys.ui.hw" value="1"/><property name="init.svc.netd" value="running"/><property name="dalvik.vm.dexopt-flags" value="m=y"/><property name="init.svc.illumination" value="running"/><property name="ro.wifi.eap_sim_enabled" value="true"/><property name="sys.usb.state" value="mtp,adb"/><property name="pm.sleep_mode" value="1"/><property name="net.nw.cache.orderby" value="weight"/><property name="ro.build.description" value="LT22i-user 4.1.2 6.2.A.1.100 m_v_zg test-keys"/><property name="ro.ext4fs" value="1"/><property name="ro.config.nocheckin" value="1"/><property name="dalvik.vm.heapgrowthlimit" value="64m"/><property name="ro.semc.batt.test.z_threshold" value="50"/><property name="init.svc.suntrold" value="stopped"/><property name="ro.somc.clearphase.supported" value="true"/><property name="init.svc.ste-cg29xx_ctrl" value="running"/><property name="persist.adb.notify" value="0"/><property name="init.svc.surfaceflinger" value="running"/><property name="persist.sys.country" value="US"/><property name="init.svc.flash_recovery" value="stopped"/><property name="ro.com.google.gmsversion" value="4.1_r4"/><property name="init.svc.wlan_core" value="stopped"/><property name="ro.ril.enable.amr.wideband" value="1"/><property name="gsm.current.phone-type" value="1"/><property name="init.svc.copsd" value="running"/><property name="dhcp.wlan0.mask" value="255.255.255.0"/><property name="dalvik.vm.lockprof.threshold" value="500"/><property name="dhcp.wlan0.leasetime" value="86400"/><property name="dhcp.wlan0.gateway" value="192.168.1.1"/><property name="View.scroll_friction" value="10"/><property name="net.qtaguid_enabled" value="1"/><property name="gsm.network.type" value="HSPA"/><property name="ro.semc.sols.product-code" value="105"/><property name="ro.nfc.se.default" value="SIM"/><property name="init.svc.simpbd" value="running"/><property name="gsm.sim.operator.alpha" value="Airtel NG"/><property name="sys.settings_secure_version" value="45"/><property name="ro.media.enc.hprof.vid.bps" value="8000000"/><property name="ro.somc.sforce.supported" value="true"/><property name="persist.sys.profiler_ms" value="0"/><property name="init.svc.ueventd" value="running"/><property name="persist.data_netmgrd_nint" value="8"/><property name="ro.ril.disable.power.collapse" value="0"/><property name="persist.audio.hp" value="true"/><property name="ro.semc.product.device" value="LT22"/><property name="ro.bootloader" value="s1"/><property name="init.svc.vold" value="running"/><property name="ro.product.locale.excluded" value="ar_EG ar_IL fa_IR iw_IL"/><property name="ro.ril.update.acoustic.table" value="1"/><property name="dalvik.vm.jmiopts" value="forcecopy"/><property name="keyguard.no_require_sim" value="true"/><property name="init.svc.init_sterc" value="stopped"/><property name="net.nw.cache.prioadvstep" value="86400000"/><property name="ro.build.version.sdk" value="16"/><property name="persist.service.pcsync.enable" value="0"/><property name="debug.composition.type" value="gpu"/><property name="stathub.pp.prfth" value="30"/><property name="ril.ecclist" value="112,911,"/><property name="debug.egl.hw" value="1"/><property name="ro.media.dec.vid.avi.enabled" value="1"/><property name="ro.media.capture.flashIntensity" value="70"/><property name="sys.settings_system_version" value="93"/><property name="init.svc.modem-supervisor" value="running"/><property name="ro.ril.hep" value="1"/><property name="net.early.sockets" value="0"/><property name="ro.media.enc.jpeg.quality" value="100"/><property name="ro.semc.version.fs" value="WORLD"/><property name="net.tcp.buffersize.wifi" value="524288,1048576,2097152,262144,524288,1048576"/><property name="ro.ril.enable.sdr" value="1"/><property name="ro.ril.htcmaskw1" value="14449"/><property name="ro.ril.hsdpa.category" value="8"/><property name="ro.audio.samplerate" value="48000"/><property name="ro.product.brand" value="SEMC"/><property name="debug.compbypass.enable" value="1"/><property name="dhcp.wlan0.result" value="failed"/><property name="persist.ro.ril.sms_sync_sending" value="1"/><property name="ste.dbus.bus.address" value="unix:path=/dev/socket/dbus_ste"/><property name="dev.pm.dyn_samplingrate" value="1"/><property name="ro.ril.hsxpa" value="2"/><property name="net.ipv4.tcp_rfc1337" value="1"/><property name="dev.bootcomplete" value="1"/><property name="ril.cat.first.start" value="false"/><property name="ro.media.capture.fast.fps" value="6"/><property name="ro.media.capture.torchIntensity" value="40"/><property name="ro.semc.version.cust" value="1261-8258"/><property name="ro.semc.version.cust_revision" value="R2H"/><property name="ro.hardware" value="st-ericsson"/><property name="hwui.render_dirty_regions" value="false"/><property name="init.svc.mad" value="running"/><property name="ste.video.dec.mpeg4.in.size" value="8192"/><property name="ro.min_pointer_dur" value="8"/><property name="ro.semc.xloud.supported" value="true"/><property name="ro.sf.display_rotation" value="0"/><property name="ro.build.id" value="6.2.A.1.100"/><property name="init.svc.grabramdump" value="stopped"/><property name="persist.sys.use_dithering" value="0"/><property name="net.change" value="net.rmnet0.dns2"/><property name="ro.product.name" value="LT22i_1261-8258"/><property name="net.http.threads" value="10"/><property name="ro.min.fling_velocity" value="8000"/><property name="ro.config.disable.hw_accel" value="false"/><property name="net.ipv4.tcp_timestamps" value="1"/><property name="init.svc.drm" value="running"/><property name="ro.build.version.codename" value="REL"/><property name="ro.media.capture.slow.fps" value="120"/><property name="debug.performance.tuning" value="1"/><property name="ro.media.dec.jpeg.memcap" value="8000000"/><property name="gsm.nitz.reftime" value="227103575"/><property name="rild.libargs" value="-c UNIX -n 2 -p /dev/socket/at_core -s /dev/socket/at_core -i rmnet"/><property name="ro.product.cpu.abi" value="armeabi-v7a"/><property name="ro.kernel.android.checkjni" value="0"/><property name="init.svc.tad" value="running"/><property name="dhcp.wlan0.vendorInfo" value=""/><property name="ro.sf.lcd_density" value="240"/><property name="init.svc.bootanim" value="stopped"/><property name="ro.semc.product.user_storage" value="emmc_only"/><property name="ro.com.google.clientidbase" value="android-sonyericsson"/><property name="ste.nmf.autoidle" value="0"/><property name="net.tcp.buffersize.edge" value="4093,26280,35040,4096,16384,35040"/><property name="media.stagefright.enable-meta" value="true"/><property name="persist.android.strictmode" value="0"/><property name="init.svc.hw_config" value="running"/><property name="ro.hwui.text_cache_width" value="1024"/><property name="net.http.idle_cache.size" value="40"/><property name="init.svc.console" value="restarting"/><property name="ro.semc.version.fs_revision" value="6.2.A.1.100"/><property name="ro.product.cpu.abi2" value="armeabi"/><property name="drm.service.enabled" value="true"/><property name="init.svc.zygote" value="running"/><property name="gsm.sim.operator.iso-country" value="ng"/><property name="ro.config.ringtone" value="xperia.ogg"/><property name="ro.mot.eri.losalert.delay" value="1000"/><property name="net.ppp0.dns2" value="8.8.8.8"/><property name="ro.build.type" value="user"/><property name="net.ppp0.dns1" value="208.67.220.220"/><property name="ro.build.version.incremental" value="m_v_zg"/><property name="init.svc.adbd" value="running"/><property name="ro.config.vc_call_steps" value="10"/><property name="persist.cust.tel.eons" value="1"/><property name="net.tcp.mss.rmnet" value="1370"/><property name="init.svc.ril-daemon" value="running"/><property name="ro.telephony.call_ring.delay" value="0"/><property name="ste.video.decoder.max.hwmem" value="0x3600000"/><property name="ro.service.swiqi.supported" value="true"/><property name="ro.debuggable" value="1"/><property name="net.rmnet0.dns1" value=""/><property name="lpa.decode" value="false"/><property name="debug.mdpcomp.maxlayer" value="3"/><property name="net.rmnet0.dns2" value=""/><property name="init.svc.phonet-netdev" value="stopped"/><property name="init.svc.debuggerd" value="running"/><property name="init.svc.updatemiscta" value="stopped"/><property name="ro.drm.active.2" value="playready,0"/><property name="system_init.startsurfaceflinger" value="0"/><property name="ro.drm.active.0" value="marlin,1"/><property name="ro.drm.active.1" value="hdcp_av8100,1"/><property name="persist.sys.language" value="en"/><property name="power_supply.wakeup" value="enable"/><property name="init.svc.modem" value="running"/><property name="ro.lge.proximity.delay" value="25"/><property name="ro.build.product" value="LT22i"/><property name="ro.setupwizard.mode" value="DISABLED"/><property name="logcat.live" value="disable"/><property name="af.resampler.quality" value="3"/><property name="init.svc.xssm" value="running"/><property name="net.webkit.cache.mindeadsize" value="4194304"/><property name="init.svc.wpa_supplicant" value="stopped"/><property name="ro.baseband" value="unknown"/><property name="debug.sf.hw" value="1"/><property name="ro.build.host" value="BuildHost"/><property name="ro.runtime.firstboot" value="1376275639773"/><property name="init.svc.lbsd" value="running"/><property name="persist.service.swiqi.enable" value="1"/><property name="net.webkit.setpri" value="1"/><property name="ro.media.panorama.defres" value="3264x1840"/><property name="init.svc.cn_server" value="running"/><property name="ro.telephony.default_network" value="0"/><property name="ro.ril.enable.r8fd" value="0"/><property name="ro.crypto.state" value="unsupported"/><property name="ro.boot.bootloader" value="s1"/><property name="persist.radio.add_power_save" value="1"/><property name="init.svc.batcap" value="stopped"/><property name="hw3d.force" value="1"/><property name="dalvik.vm.heapminfree" value="4m"/><property name="net.tcp.buffersize.hspda" value="4096,87380,256960,4096,16 384,256960"/><property name="wifi.supplicant_scan_interval" value="250"/><property name="init.svc.bluetoothd" value="running"/><property name="ro.board.platform" value="montblanc"/><property name="net.rmnet0.gw" value=""/><property name="ro.product.locale.language" value="en"/><property name="ro.use_data_netmgrd" value="true"/><property name="net.ipv4.tcp_sack" value="1"/><property name="persist.sys.use_16bpp_alpha" value="1"/><property name="gsm.defaultpdpcontext.active" value="false"/><property name="init.svc.init_stepscc" value="stopped"/><property name="init.svc.keystore" value="running"/><property name="ste.special_fast_dormancy" value="true"/><property name="persist.service.lgospd.enable" value="0"/><property name="ro.build.characteristics" value="nosdcard"/><property name="ro.ril.sensor.sleep.control" value="1"/><property name="ste.video.enc.out.buffercnt" value="5"/><property name="ro.semc.batt.capacity" value="1500"/><property name="ste.video.decoder.h264.max.lev" value="4.2"/><property name="net.tcp.buffersize.lte" value="524288,1048576,2097152,262144,524288,1048576"/><property name="ro.com.android.dateformat" value="MM-dd-yyyy"/><property name="net.tcp.buffersize.umts" value="4094,87380,110208,4096,16384,110208"/><property name="net.tcp.buffersize.default" value="4096,87380,110208,4096,16384,110208"/><property name="init.svc.watchdog-kicker" value="stopped"/><property name="persist.sys.boot.sound.volume" value="26"/><property name="net.webkit.cache.maxdeadsize" value="4194304"/><property name="ro.camcorder.videoModes" value="true"/><property name="ro.config.alarm_alert" value="alarm.ogg"/><property name="ro.semc.version.sw_variant" value="GENERIC"/><property name="gsm.version.ril-impl" value="ST-Ericsson u300-ril R2B"/><property name="ro.product.board" value="montblanc"/><property name="init.svc.media" value="running"/><property name="ro.semc.version.sw" value="1254-4233"/><property name="dalvik.vm.checkjni" value="0"/><property name="dalvik.gc.type" value="precise"/><property name="dhcp.wlan0.ipaddress" value="192.168.1.4"/><property name="init.svc.dhcpcd_wlan0" value="stopped"/><property name="gsm.apn.sim.operator.numeric" value="62120"/><property name="net.tcp.buffersize.gprs" value="4092,8760,11680,4096,8760,11680"/><property name="ro.ril.fast.dormancy.rule" value="1"/><property name="ro.semc.sim.bip.enabled" value="true"/><property name="ro.ril.gprsclass" value="12"/><property name="ro.build.version.release" value="4.1.2"/><property name="persist.af.resampler.quality" value="255"/><property name="net.tcp.buffersize.hspa" value="4094,87380,262144,4096,16384,262144"/><property name="ro.media.dec.vid.wmv.enabled" value="1"/><property name="ro.ril.enable.a53" value="1"/><property name="ro.config.hw_fast_dormancy" value="1"/><property name="ro.telephony.call_ring.multiple" value="false"/><property name="ro.ril.enable.pre_r8fd" value="1"/><property name="ro.opengles.version" value="131072"/><property name="init.svc.sysinitsupport" value="running"/><property name="media.stagefright.enable-player" value="true"/><property name="dhcp.wlan0.reason" value="BOUND"/><property name="init.svc.psccd" value="running"/><property name="ro.semc.product.name" value="XPERIA P"/><property name="init.svc.installd" value="running"/><property name="ro.wifi.channels" value=""/><property name="dalvik.vm.verify-bytecode" value="true"/><property name="net.nw.cache.weightadvstep" value="3600000"/><property name="ro.drm.active.num" value="3"/></properties><testcase classname="com.iolab.nsp.test.HelloAndroidActivityTest" name="testActivity" time="2.5060"/></testsuite></testsuites>